<?xml version="1.0" encoding="UTF-8"?>
<testng-results ignored="0" total="2" passed="2" failed="0" skipped="0">
  <reporter-output>
  </reporter-output>
  <suite started-at="2024-06-18T12:56:55 IST" name="suite" finished-at="2024-06-18T13:00:58 IST" duration-ms="243030">
    <groups>
    </groups>
    <test started-at="2024-06-18T12:56:55 IST" name="TestBlock 1" finished-at="2024-06-18T12:59:12 IST" duration-ms="137034">
      <class name="com.pratice.test2.CreateCustomer">
        <test-method signature="createCustomer()[pri:0, instance:com.pratice.test2.CreateCustomer@67080771]" started-at="2024-06-18T12:56:55 IST" name="createCustomer" finished-at="2024-06-18T12:59:12 IST" duration-ms="136968" status="PASS">
          <reporter-output>
          </reporter-output>
        </test-method> <!-- createCustomer -->
      </class> <!-- com.pratice.test2.CreateCustomer -->
    </test> <!-- TestBlock 1 -->
    <test started-at="2024-06-18T12:59:15 IST" name="TestBlock 2" finished-at="2024-06-18T13:00:58 IST" duration-ms="103232">
      <class name="com.pratice.test2.CreateCustomer">
        <test-method signature="createCustomer()[pri:0, instance:com.pratice.test2.CreateCustomer@3bf9ce3e]" started-at="2024-06-18T12:59:15 IST" name="createCustomer" finished-at="2024-06-18T13:00:58 IST" duration-ms="103221" status="PASS">
          <reporter-output>
          </reporter-output>
        </test-method> <!-- createCustomer -->
      </class> <!-- com.pratice.test2.CreateCustomer -->
    </test> <!-- TestBlock 2 -->
  </suite> <!-- suite -->
</testng-results>
