<?xml version="1.0" encoding="UTF-8"?>
<!-- Generated by org.testng.reporters.JUnitXMLReporter -->
<testsuite ignored="1" hostname="DESKTOP-58228H6" failures="0" tests="1" name="Test" time="0.059" errors="0" timestamp="2024-06-17T12:38:52 IST">
  <testcase classname="com.pratice.test2.ModifyCustomer" name="ModifyCustomer2" time="0.013"/>
  <testcase classname="com.pratice.test2.ModifyCustomer" name="ModifyCustomer" time="0.0">
    <ignored/>
  </testcase> <!-- ModifyCustomer -->
</testsuite> <!-- Test -->
