<?xml version="1.0" encoding="UTF-8"?>
<!-- Generated by org.testng.reporters.JUnitXMLReporter -->
<testsuite ignored="0" hostname="DESKTOP-58228H6" failures="0" tests="3" name="Test2" time="197.375" errors="0" timestamp="2024-06-17T22:22:47 IST">
  <testcase classname="com.pratice.test2.DeleteCustomer" name="deleteCustomer" time="145.935"/>
  <testcase classname="com.pratice.test2.ModifyCustomer" name="modifyCustomer" time="51.325"/>
  <testcase classname="com.pratice.test2.ModifyCustomer" name="modifyCustomer2" time="0.005"/>
</testsuite> <!-- Test2 -->
